<?xml version="1.0" encoding="UTF-8"?>
<testsuite xmlns:xsi="http://www.w3.org/2001/XMLSchema-instance" xsi:noNamespaceSchemaLocation="https://maven.apache.org/surefire/maven-surefire-plugin/xsd/surefire-test-report-3.0.xsd" version="3.0" name="edu.sharif.web.streaming.StreamingApplicationTests" time="10.304" tests="1" errors="0" skipped="0" failures="0">
  <properties>
[...]
</properties>
  <testcase name="contextLoads" classname="edu.sharif.web.streaming.StreamingApplicationTests" time="1.554">
    <system-out><![CDATA[01:15:18.323 [main] INFO org.springframework.test.context.support.AnnotationConfigContextLoaderUtils -- Could not detect default configuration classes for test class [edu.sharif.web.streaming.StreamingApplicationTests]: StreamingApplicationTests does not declare any static, non-private, non-final, nested classes annotated with @Configuration.
01:15:18.954 [main] INFO org.springframework.boot.test.context.SpringBootTestContextBootstrapper -- Found @SpringBootConfiguration edu.sharif.web.streaming.Application for test class edu.sharif.web.streaming.StreamingApplicationTests

  .   ____          _            __ _ _
 /\\ / ___'_ __ _ _(_)_ __  __ _ \ \ \ \
( ( )\___ | '_ | '_| | '_ \/ _` | \ \ \ \
 \\/  ___)| |_)| | | | | || (_| |  ) ) ) )
  '  |____| .__|_| |_|_| |_\__, | / / / /
 =========|_|==============|___/=/_/_/_/

 :: Spring Boot ::                (v3.3.4)

2025-02-03T01:15:21.026+03:30  WARN 561867 --- [streaming] [           main] ory$DuplicateJsonObjectContextCustomizer : 

Found multiple occurrences of org.json.JSONObject on the class path:

	jar:file:/home/ahmz/.m2/repository/org/json/json/20240303/json-20240303.jar!/org/json/JSONObject.class
	jar:file:/home/ahmz/.m2/repository/com/vaadin/external/google/android-json/0.0.20131108.vaadin1/android-json-0.0.20131108.vaadin1.jar!/org/json/JSONObject.class

You may wish to exclude one of them to ensure predictable runtime behavior

2025-02-03T01:15:21.127+03:30  INFO 561867 --- [streaming] [           main] e.s.w.s.StreamingApplicationTests        : Starting StreamingApplicationTests using Java 23.0.2 with PID 561867 (started by ahmz in /home/ahmz/openai-spring-ai-chat-client)
2025-02-03T01:15:21.130+03:30  INFO 561867 --- [streaming] [           main] e.s.w.s.StreamingApplicationTests        : No active profile set, falling back to 1 default profile: "default"
2025-02-03T01:15:25.758+03:30  INFO 561867 --- [streaming] [           main] o.s.b.a.w.s.WelcomePageHandlerMapping    : Adding welcome page: class path resource [static/index.html]
2025-02-03T01:15:26.421+03:30  INFO 561867 --- [streaming] [           main] e.s.w.s.StreamingApplicationTests        : Started StreamingApplicationTests in 6.63 seconds (process running for 10.073)
]]></system-out>
    <system-err><![CDATA[WARNING: A Java agent has been loaded dynamically (/home/ahmz/.m2/repository/net/bytebuddy/byte-buddy-agent/1.14.19/byte-buddy-agent-1.14.19.jar)
WARNING: If a serviceability tool is in use, please run with -XX:+EnableDynamicAgentLoading to hide this warning
WARNING: If a serviceability tool is not in use, please run with -Djdk.instrument.traceUsage for more information
WARNING: Dynamic loading of agents will be disallowed by default in a future release
]]></system-err>
  </testcase>
</testsuite>